2022-03-17 20:13:02,893 [Worker-6: Loading available Gradle versions] INFO  o.e.b.c.i.u.g.PublishedGradleVersions - Gradle version information cache is out-of-date. Trying to update.
2022-03-17 20:13:08,142 [Worker-3: Repository registry initialization] WARN  o.e.m.c.internal.embedder.MavenImpl - Failed to decrypt password for server central: org.sonatype.plexus.components.sec.dispatcher.SecDispatcherException: java.io.FileNotFoundException: C:\Users\logonrmlocal\.m2\settings-security.xml (The system cannot find the file specified)
org.sonatype.plexus.components.sec.dispatcher.SecDispatcherException: org.sonatype.plexus.components.sec.dispatcher.SecDispatcherException: java.io.FileNotFoundException: C:\Users\logonrmlocal\.m2\settings-security.xml (The system cannot find the file specified)
	at org.sonatype.plexus.components.sec.dispatcher.DefaultSecDispatcher.decrypt(DefaultSecDispatcher.java:121)
	at org.apache.maven.settings.crypto.DefaultSettingsDecrypter.decrypt(DefaultSettingsDecrypter.java:114)
	at org.apache.maven.settings.crypto.DefaultSettingsDecrypter.decrypt(DefaultSettingsDecrypter.java:70)
	at org.eclipse.m2e.core.internal.embedder.MavenImpl.decryptPassword(MavenImpl.java:542)
	at org.eclipse.m2e.core.internal.repository.RepositoryRegistry.getAuthenticationInfo(RepositoryRegistry.java:216)
	at org.eclipse.m2e.core.internal.repository.RepositoryRegistry.updateRegistry(RepositoryRegistry.java:260)
	at org.eclipse.m2e.core.internal.repository.RepositoryRegistryUpdateJob.run(RepositoryRegistryUpdateJob.java:49)
	at org.eclipse.core.internal.jobs.Worker.run(Worker.java:63)
Caused by: org.sonatype.plexus.components.sec.dispatcher.SecDispatcherException: java.io.FileNotFoundException: C:\Users\logonrmlocal\.m2\settings-security.xml (The system cannot find the file specified)
	at org.sonatype.plexus.components.sec.dispatcher.SecUtil.read(SecUtil.java:69)
	at org.sonatype.plexus.components.sec.dispatcher.DefaultSecDispatcher.getSec(DefaultSecDispatcher.java:206)
	at org.sonatype.plexus.components.sec.dispatcher.DefaultSecDispatcher.decrypt(DefaultSecDispatcher.java:90)
	... 7 common frames omitted
Caused by: java.io.FileNotFoundException: C:\Users\logonrmlocal\.m2\settings-security.xml (The system cannot find the file specified)
	at java.base/java.io.FileInputStream.open0(Native Method)
	at java.base/java.io.FileInputStream.open(FileInputStream.java:211)
	at java.base/java.io.FileInputStream.<init>(FileInputStream.java:153)
	at org.sonatype.plexus.components.sec.dispatcher.SecUtil.toStream(SecUtil.java:100)
	at org.sonatype.plexus.components.sec.dispatcher.SecUtil.read(SecUtil.java:56)
	... 9 common frames omitted
2022-03-17 20:13:08,147 [Worker-3: Repository registry initialization] WARN  o.e.m.c.internal.embedder.MavenImpl - Failed to decrypt password for server snapshots: org.sonatype.plexus.components.sec.dispatcher.SecDispatcherException: java.io.FileNotFoundException: C:\Users\logonrmlocal\.m2\settings-security.xml (The system cannot find the file specified)
org.sonatype.plexus.components.sec.dispatcher.SecDispatcherException: org.sonatype.plexus.components.sec.dispatcher.SecDispatcherException: java.io.FileNotFoundException: C:\Users\logonrmlocal\.m2\settings-security.xml (The system cannot find the file specified)
	at org.sonatype.plexus.components.sec.dispatcher.DefaultSecDispatcher.decrypt(DefaultSecDispatcher.java:121)
	at org.apache.maven.settings.crypto.DefaultSettingsDecrypter.decrypt(DefaultSettingsDecrypter.java:114)
	at org.apache.maven.settings.crypto.DefaultSettingsDecrypter.decrypt(DefaultSettingsDecrypter.java:70)
	at org.eclipse.m2e.core.internal.embedder.MavenImpl.decryptPassword(MavenImpl.java:542)
	at org.eclipse.m2e.core.internal.repository.RepositoryRegistry.getAuthenticationInfo(RepositoryRegistry.java:216)
	at org.eclipse.m2e.core.internal.repository.RepositoryRegistry.updateRegistry(RepositoryRegistry.java:260)
	at org.eclipse.m2e.core.internal.repository.RepositoryRegistryUpdateJob.run(RepositoryRegistryUpdateJob.java:49)
	at org.eclipse.core.internal.jobs.Worker.run(Worker.java:63)
Caused by: org.sonatype.plexus.components.sec.dispatcher.SecDispatcherException: java.io.FileNotFoundException: C:\Users\logonrmlocal\.m2\settings-security.xml (The system cannot find the file specified)
	at org.sonatype.plexus.components.sec.dispatcher.SecUtil.read(SecUtil.java:69)
	at org.sonatype.plexus.components.sec.dispatcher.DefaultSecDispatcher.getSec(DefaultSecDispatcher.java:206)
	at org.sonatype.plexus.components.sec.dispatcher.DefaultSecDispatcher.decrypt(DefaultSecDispatcher.java:90)
	... 7 common frames omitted
Caused by: java.io.FileNotFoundException: C:\Users\logonrmlocal\.m2\settings-security.xml (The system cannot find the file specified)
	at java.base/java.io.FileInputStream.open0(Native Method)
	at java.base/java.io.FileInputStream.open(FileInputStream.java:211)
	at java.base/java.io.FileInputStream.<init>(FileInputStream.java:153)
	at org.sonatype.plexus.components.sec.dispatcher.SecUtil.toStream(SecUtil.java:100)
	at org.sonatype.plexus.components.sec.dispatcher.SecUtil.read(SecUtil.java:56)
	... 9 common frames omitted
2022-03-17 20:13:08,149 [Worker-3: Repository registry initialization] WARN  o.e.m.c.internal.embedder.MavenImpl - Failed to decrypt password for server central: org.sonatype.plexus.components.sec.dispatcher.SecDispatcherException: java.io.FileNotFoundException: C:\Users\logonrmlocal\.m2\settings-security.xml (The system cannot find the file specified)
org.sonatype.plexus.components.sec.dispatcher.SecDispatcherException: org.sonatype.plexus.components.sec.dispatcher.SecDispatcherException: java.io.FileNotFoundException: C:\Users\logonrmlocal\.m2\settings-security.xml (The system cannot find the file specified)
	at org.sonatype.plexus.components.sec.dispatcher.DefaultSecDispatcher.decrypt(DefaultSecDispatcher.java:121)
	at org.apache.maven.settings.crypto.DefaultSettingsDecrypter.decrypt(DefaultSettingsDecrypter.java:114)
	at org.apache.maven.settings.crypto.DefaultSettingsDecrypter.decrypt(DefaultSettingsDecrypter.java:70)
	at org.eclipse.m2e.core.internal.embedder.MavenImpl.decryptPassword(MavenImpl.java:542)
	at org.eclipse.m2e.core.internal.repository.RepositoryRegistry.getAuthenticationInfo(RepositoryRegistry.java:216)
	at org.eclipse.m2e.core.internal.repository.RepositoryRegistry.updateRegistry(RepositoryRegistry.java:260)
	at org.eclipse.m2e.core.internal.repository.RepositoryRegistryUpdateJob.run(RepositoryRegistryUpdateJob.java:49)
	at org.eclipse.core.internal.jobs.Worker.run(Worker.java:63)
Caused by: org.sonatype.plexus.components.sec.dispatcher.SecDispatcherException: java.io.FileNotFoundException: C:\Users\logonrmlocal\.m2\settings-security.xml (The system cannot find the file specified)
	at org.sonatype.plexus.components.sec.dispatcher.SecUtil.read(SecUtil.java:69)
	at org.sonatype.plexus.components.sec.dispatcher.DefaultSecDispatcher.getSec(DefaultSecDispatcher.java:206)
	at org.sonatype.plexus.components.sec.dispatcher.DefaultSecDispatcher.decrypt(DefaultSecDispatcher.java:90)
	... 7 common frames omitted
Caused by: java.io.FileNotFoundException: C:\Users\logonrmlocal\.m2\settings-security.xml (The system cannot find the file specified)
	at java.base/java.io.FileInputStream.open0(Native Method)
	at java.base/java.io.FileInputStream.open(FileInputStream.java:211)
	at java.base/java.io.FileInputStream.<init>(FileInputStream.java:153)
	at org.sonatype.plexus.components.sec.dispatcher.SecUtil.toStream(SecUtil.java:100)
	at org.sonatype.plexus.components.sec.dispatcher.SecUtil.read(SecUtil.java:56)
	... 9 common frames omitted
2022-03-17 20:13:08,152 [Worker-3: Repository registry initialization] WARN  o.e.m.c.internal.embedder.MavenImpl - Failed to decrypt password for server snapshots: org.sonatype.plexus.components.sec.dispatcher.SecDispatcherException: java.io.FileNotFoundException: C:\Users\logonrmlocal\.m2\settings-security.xml (The system cannot find the file specified)
org.sonatype.plexus.components.sec.dispatcher.SecDispatcherException: org.sonatype.plexus.components.sec.dispatcher.SecDispatcherException: java.io.FileNotFoundException: C:\Users\logonrmlocal\.m2\settings-security.xml (The system cannot find the file specified)
	at org.sonatype.plexus.components.sec.dispatcher.DefaultSecDispatcher.decrypt(DefaultSecDispatcher.java:121)
	at org.apache.maven.settings.crypto.DefaultSettingsDecrypter.decrypt(DefaultSettingsDecrypter.java:114)
	at org.apache.maven.settings.crypto.DefaultSettingsDecrypter.decrypt(DefaultSettingsDecrypter.java:70)
	at org.eclipse.m2e.core.internal.embedder.MavenImpl.decryptPassword(MavenImpl.java:542)
	at org.eclipse.m2e.core.internal.repository.RepositoryRegistry.getAuthenticationInfo(RepositoryRegistry.java:216)
	at org.eclipse.m2e.core.internal.repository.RepositoryRegistry.updateRegistry(RepositoryRegistry.java:260)
	at org.eclipse.m2e.core.internal.repository.RepositoryRegistryUpdateJob.run(RepositoryRegistryUpdateJob.java:49)
	at org.eclipse.core.internal.jobs.Worker.run(Worker.java:63)
Caused by: org.sonatype.plexus.components.sec.dispatcher.SecDispatcherException: java.io.FileNotFoundException: C:\Users\logonrmlocal\.m2\settings-security.xml (The system cannot find the file specified)
	at org.sonatype.plexus.components.sec.dispatcher.SecUtil.read(SecUtil.java:69)
	at org.sonatype.plexus.components.sec.dispatcher.DefaultSecDispatcher.getSec(DefaultSecDispatcher.java:206)
	at org.sonatype.plexus.components.sec.dispatcher.DefaultSecDispatcher.decrypt(DefaultSecDispatcher.java:90)
	... 7 common frames omitted
Caused by: java.io.FileNotFoundException: C:\Users\logonrmlocal\.m2\settings-security.xml (The system cannot find the file specified)
	at java.base/java.io.FileInputStream.open0(Native Method)
	at java.base/java.io.FileInputStream.open(FileInputStream.java:211)
	at java.base/java.io.FileInputStream.<init>(FileInputStream.java:153)
	at org.sonatype.plexus.components.sec.dispatcher.SecUtil.toStream(SecUtil.java:100)
	at org.sonatype.plexus.components.sec.dispatcher.SecUtil.read(SecUtil.java:56)
	... 9 common frames omitted
